2025-10-18 21:23:55,431 - __main__ - INFO - Synthetic Transaction Generator initialized
2025-10-18 21:23:55,432 - __main__ - INFO - Fraud ratio: 5.0%
2025-10-18 21:23:55,432 - __main__ - INFO - Transaction Sender initialized for API: http://localhost:8000
2025-10-18 21:23:55,433 - __main__ - INFO - ============================================================
2025-10-18 21:23:55,433 - __main__ - INFO - Synthetic Data Pipeline Initialized
2025-10-18 21:23:55,433 - __main__ - INFO - API URL: http://localhost:8000
2025-10-18 21:23:55,434 - __main__ - INFO - Interval: 60 seconds
2025-10-18 21:23:55,435 - __main__ - INFO - Batch size: 10 transactions
2025-10-18 21:23:55,435 - __main__ - INFO - Target fraud ratio: 5.0%
2025-10-18 21:23:55,435 - __main__ - INFO - ============================================================
2025-10-18 21:27:30,810 - __main__ - INFO - Synthetic Transaction Generator initialized
2025-10-18 21:27:30,810 - __main__ - INFO - Fraud ratio: 5.0%
2025-10-18 21:27:30,810 - __main__ - INFO - Transaction Sender initialized for API: http://localhost:8000
2025-10-18 21:27:30,811 - __main__ - INFO - ============================================================
2025-10-18 21:27:30,811 - __main__ - INFO - Synthetic Data Pipeline Initialized
2025-10-18 21:27:30,811 - __main__ - INFO - API URL: http://localhost:8000
2025-10-18 21:27:30,811 - __main__ - INFO - Interval: 60 seconds
2025-10-18 21:27:30,812 - __main__ - INFO - Batch size: 10 transactions
2025-10-18 21:27:30,812 - __main__ - INFO - Target fraud ratio: 5.0%
2025-10-18 21:27:30,812 - __main__ - INFO - ============================================================
2025-10-18 21:27:32,902 - __main__ - INFO - Press Ctrl+C to stop

2025-10-18 21:27:32,906 - __main__ - INFO - 
============================================================
2025-10-18 21:27:32,911 - __main__ - INFO - ============================================================
2025-10-18 21:27:54,781 - __main__ - INFO -    Total generated: 10
2025-10-18 21:27:54,782 - __main__ - INFO -    Fraud: 0 (0.00%)
2025-10-18 21:27:54,782 - __main__ - INFO -    Legitimate: 10
2025-10-18 21:27:54,784 - __main__ - INFO -    Total sent: 20
2025-10-18 21:27:54,785 - __main__ - INFO -    Successful: 0
2025-10-18 21:27:54,785 - __main__ - INFO -    Failed: 20
2025-10-18 21:27:54,786 - __main__ - INFO -    Accuracy: 0.00%
2025-10-18 21:28:54,793 - __main__ - INFO - 
============================================================
2025-10-18 21:28:54,796 - __main__ - INFO - ============================================================
2025-10-18 21:29:16,424 - __main__ - INFO -    Total generated: 20
2025-10-18 21:29:16,424 - __main__ - INFO -    Fraud: 0 (0.00%)
2025-10-18 21:29:16,425 - __main__ - INFO -    Legitimate: 20
2025-10-18 21:29:16,429 - __main__ - INFO -    Total sent: 40
2025-10-18 21:29:16,430 - __main__ - INFO -    Successful: 0
2025-10-18 21:29:16,430 - __main__ - INFO -    Failed: 40
2025-10-18 21:29:16,431 - __main__ - INFO -    Accuracy: 0.00%
2025-10-18 21:30:16,444 - __main__ - INFO - 
============================================================
2025-10-18 21:30:16,448 - __main__ - INFO - ============================================================
2025-10-18 21:30:38,051 - __main__ - INFO -    Total generated: 30
2025-10-18 21:30:38,052 - __main__ - INFO -    Fraud: 1 (3.33%)
2025-10-18 21:30:38,052 - __main__ - INFO -    Legitimate: 29
2025-10-18 21:30:38,059 - __main__ - INFO -    Total sent: 60
2025-10-18 21:30:38,060 - __main__ - INFO -    Successful: 0
2025-10-18 21:30:38,060 - __main__ - INFO -    Failed: 60
2025-10-18 21:30:38,060 - __main__ - INFO -    Accuracy: 0.00%
2025-10-18 21:31:38,068 - __main__ - INFO - 
============================================================
2025-10-18 21:31:38,073 - __main__ - INFO - ============================================================
2025-10-18 21:31:59,718 - __main__ - INFO -    Total generated: 40
2025-10-18 21:31:59,718 - __main__ - INFO -    Fraud: 1 (2.50%)
2025-10-18 21:31:59,719 - __main__ - INFO -    Legitimate: 39
2025-10-18 21:31:59,723 - __main__ - INFO -    Total sent: 80
2025-10-18 21:31:59,724 - __main__ - INFO -    Successful: 0
2025-10-18 21:31:59,724 - __main__ - INFO -    Failed: 80
2025-10-18 21:31:59,725 - __main__ - INFO -    Accuracy: 0.00%
2025-10-18 21:32:59,732 - __main__ - INFO - 
============================================================
2025-10-18 21:32:59,737 - __main__ - INFO - ============================================================
2025-10-18 21:33:21,268 - __main__ - INFO -    Total generated: 50
2025-10-18 21:33:21,269 - __main__ - INFO -    Fraud: 1 (2.00%)
2025-10-18 21:33:21,269 - __main__ - INFO -    Legitimate: 49
2025-10-18 21:33:21,273 - __main__ - INFO -    Total sent: 100
2025-10-18 21:33:21,274 - __main__ - INFO -    Successful: 0
2025-10-18 21:33:21,274 - __main__ - INFO -    Failed: 100
2025-10-18 21:33:21,275 - __main__ - INFO -    Accuracy: 0.00%
